The target system is: Generic -  - riscv64
The host system is: Linux - 5.15.167.4-microsoft-standard-WSL2 - x86_64
Compiling the C compiler identification source file "CMakeCCompilerId.c" succeeded.
Compiler: /usr/bin/riscv64-unknown-elf-gcc 
Build flags: 
Id flags: -c 

The output was:
0


Compilation of the C compiler identification source "CMakeCCompilerId.c" produced "CMakeCCompilerId.o"

The C compiler identification is GNU, found in "/home/harveyjae/temp/build/CMakeFiles/3.22.1/CompilerIdC/CMakeCCompilerId.o"

Checking whether the ASM compiler is GNU using "--version" matched "(GNU assembler)|(GCC)|(Free Software Foundation)":
riscv64-unknown-elf-gcc () 10.2.0
Copyright (C) 2020 Free Software Foundation, Inc.
This is free software; see the source for copying conditions.  There is NO
warranty; not even for MERCHANTABILITY or FITNESS FOR A PARTICULAR PURPOSE.

Detecting C compiler ABI info compiled with the following output:
Change Dir: /home/harveyjae/temp/build/CMakeFiles/CMakeTmp

Run Build Command(s):/usr/bin/gmake -f Makefile cmTC_7821e/fast && /usr/bin/gmake  -f CMakeFiles/cmTC_7821e.dir/build.make CMakeFiles/cmTC_7821e.dir/build
gmake[1]: Entering directory '/home/harveyjae/temp/build/CMakeFiles/CMakeTmp'
Building C object CMakeFiles/cmTC_7821e.dir/CMakeCCompilerABI.c.obj
/usr/bin/riscv64-unknown-elf-gcc   -v -o CMakeFiles/cmTC_7821e.dir/CMakeCCompilerABI.c.obj -c /usr/share/cmake-3.22/Modules/CMakeCCompilerABI.c
Using built-in specs.
COLLECT_GCC=/usr/bin/riscv64-unknown-elf-gcc
Target: riscv64-unknown-elf
Configured with: ../configure --build=x86_64-linux-gnu --prefix=/usr --includedir='/usr/include' --mandir='/usr/share/man' --infodir='/usr/share/info' --sysconfdir=/etc --localstatedir=/var --disable-option-checking --disable-silent-rules --libdir='/usr/lib/x86_64-linux-gnu' --libexecdir='/usr/lib/x86_64-linux-gnu' --disable-maintainer-mode --disable-dependency-tracking --target=riscv64-unknown-elf --prefix=/usr --infodir=/usr/share/doc/gcc-riscv64-unknown-elf/info --mandir=/usr/share/man --htmldir=/usr/share/doc/gcc-riscv64-unknown-elf/html --pdfdir=/usr/share/doc/gcc-riscv64-unknown-elf/pdf --bindir=/usr/bin --libexecdir=/usr/lib --libdir=/usr/lib --with-pkgversion= --disable-shared --disable-threads --enable-languages=c,c++ --enable-tls --with-newlib --with-native-system-header-dir=/include --disable-libmudflap --disable-libssp --disable-libquadmath --disable-libgomp --disable-nls --with-system-zlib --enable-checking=yes --enable-multilib --with-abi=lp64d --disable-libstdcxx-pch --disable-libstdcxx --disable-fixinc --with-arch=rv64imafdc --with-gnu-as --with-gnu-ld --with-as=/usr/lib/riscv64-unknown-elf/bin/as --with-ld=/usr/lib/riscv64-unknown-elf/bin/ld AR_FOR_TARGET=/usr/lib/riscv64-unknown-elf/bin/ar AS_FOR_TARGET=/usr/lib/riscv64-unknown-elf/bin/as NM_FOR_TARGET=/usr/lib/riscv64-unknown-elf/bin/nm LD_FOR_TARGET=/usr/lib/riscv64-unknown-elf/bin/ld OBJDUMP_FOR_TARGET=/usr/lib/riscv64-unknown-elf/bin/objdump RANLIB_FOR_TARGET=/usr/lib/riscv64-unknown-elf/bin/ranlib READELF_FOR_TARGET=/usr/lib/riscv64-unknown-elf/bin/readelf STRIP_FOR_TARGET=/usr/lib/riscv64-unknown-elf/bin/strip CFLAGS='-g -O2 -fdebug-prefix-map=/build/gcc-riscv64-unknown-elf-LkcieF/gcc-riscv64-unknown-elf-10.2.0=. -fstack-protector-strong' CPPFLAGS='-Wdate-time -D_FORTIFY_SOURCE=2' CXXFLAGS='-g -O2 -fdebug-prefix-map=/build/gcc-riscv64-unknown-elf-LkcieF/gcc-riscv64-unknown-elf-10.2.0=. -fstack-protector-strong' FCFLAGS='-g -O2 -fdebug-prefix-map=/build/gcc-riscv64-unknown-elf-LkcieF/gcc-riscv64-unknown-elf-10.2.0=. -fstack-protector-strong' FFLAGS='-g -O2 -fdebug-prefix-map=/build/gcc-riscv64-unknown-elf-LkcieF/gcc-riscv64-unknown-elf-10.2.0=. -fstack-protector-strong' GCJFLAGS='-g -O2 -fdebug-prefix-map=/build/gcc-riscv64-unknown-elf-LkcieF/gcc-riscv64-unknown-elf-10.2.0=. -fstack-protector-strong' LDFLAGS='-Wl,-Bsymbolic-functions -Wl,-z,relro -Wl,-z,now' OBJCFLAGS='-g -O2 -fdebug-prefix-map=/build/gcc-riscv64-unknown-elf-LkcieF/gcc-riscv64-unknown-elf-10.2.0=. -fstack-protector-strong' OBJCXXFLAGS='-g -O2 -fdebug-prefix-map=/build/gcc-riscv64-unknown-elf-LkcieF/gcc-riscv64-unknown-elf-10.2.0=. -fstack-protector-strong' 'CFLAGS_FOR_TARGET=-Os -mcmodel=medany' 'CXXFLAGS_FOR_TARGET=-Os -mcmodel=medany'
Thread model: single
Supported LTO compression algorithms: zlib
gcc version 10.2.0 () 
COLLECT_GCC_OPTIONS='-v' '-o' 'CMakeFiles/cmTC_7821e.dir/CMakeCCompilerABI.c.obj' '-c' '-march=rv64imafdc' '-mabi=lp64d'
 /usr/lib/gcc/riscv64-unknown-elf/10.2.0/cc1 -quiet -v -imultilib rv64imafdc/lp64d /usr/share/cmake-3.22/Modules/CMakeCCompilerABI.c -quiet -dumpbase CMakeCCompilerABI.c -march=rv64imafdc -mabi=lp64d -auxbase-strip CMakeFiles/cmTC_7821e.dir/CMakeCCompilerABI.c.obj -version -o /tmp/ccoOfsOT.s
GNU C17 () version 10.2.0 (riscv64-unknown-elf)
	compiled by GNU C version 10.2.0, GMP version 6.2.0, MPFR version 4.1.0, MPC version 1.2.0-rc1, isl version none
warning: GMP header version 6.2.0 differs from library version 6.2.1.
warning: MPC header version 1.2.0-rc1 differs from library version 1.2.1.
GGC heuristics: --param ggc-min-expand=30 --param ggc-min-heapsize=4096
ignoring nonexistent directory "/usr/lib/gcc/riscv64-unknown-elf/10.2.0/../../../../riscv64-unknown-elf/sys-include"
ignoring nonexistent directory "/usr/lib/gcc/riscv64-unknown-elf/10.2.0/../../../../riscv64-unknown-elf/include"
#include "..." search starts here:
#include <...> search starts here:
 /usr/lib/gcc/riscv64-unknown-elf/10.2.0/include
 /usr/lib/gcc/riscv64-unknown-elf/10.2.0/include-fixed
End of search list.
GNU C17 () version 10.2.0 (riscv64-unknown-elf)
	compiled by GNU C version 10.2.0, GMP version 6.2.0, MPFR version 4.1.0, MPC version 1.2.0-rc1, isl version none
warning: GMP header version 6.2.0 differs from library version 6.2.1.
warning: MPC header version 1.2.0-rc1 differs from library version 1.2.1.
GGC heuristics: --param ggc-min-expand=30 --param ggc-min-heapsize=4096
Compiler executable checksum: 25503746c4b264fb4a430029e3344b15
COLLECT_GCC_OPTIONS='-v' '-o' 'CMakeFiles/cmTC_7821e.dir/CMakeCCompilerABI.c.obj' '-c' '-march=rv64imafdc' '-mabi=lp64d'
 /usr/lib/riscv64-unknown-elf/bin/as -v --traditional-format -march=rv64imafdc -mabi=lp64d -o CMakeFiles/cmTC_7821e.dir/CMakeCCompilerABI.c.obj /tmp/ccoOfsOT.s
GNU assembler version 2.35.1 (riscv64-unknown-elf) using BFD version () 2.35.1
COMPILER_PATH=/usr/lib/gcc/riscv64-unknown-elf/10.2.0/:/usr/lib/gcc/riscv64-unknown-elf/10.2.0/:/usr/lib/gcc/riscv64-unknown-elf/:/usr/lib/gcc/riscv64-unknown-elf/10.2.0/:/usr/lib/gcc/riscv64-unknown-elf/
LIBRARY_PATH=/usr/lib/gcc/riscv64-unknown-elf/10.2.0/rv64imafdc/lp64d/:/usr/lib/gcc/riscv64-unknown-elf/10.2.0/
COLLECT_GCC_OPTIONS='-v' '-o' 'CMakeFiles/cmTC_7821e.dir/CMakeCCompilerABI.c.obj' '-c' '-march=rv64imafdc' '-mabi=lp64d'
Linking C static library libcmTC_7821e.a
/usr/bin/cmake -P CMakeFiles/cmTC_7821e.dir/cmake_clean_target.cmake
/usr/bin/cmake -E cmake_link_script CMakeFiles/cmTC_7821e.dir/link.txt --verbose=1
/usr/bin/riscv64-unknown-elf-ar qc libcmTC_7821e.a CMakeFiles/cmTC_7821e.dir/CMakeCCompilerABI.c.obj
/usr/bin/riscv64-unknown-elf-ranlib libcmTC_7821e.a
gmake[1]: Leaving directory '/home/harveyjae/temp/build/CMakeFiles/CMakeTmp'



Parsed C implicit include dir info from above output: rv=done
  found start of include info
  found start of implicit include info
    add: [/usr/lib/gcc/riscv64-unknown-elf/10.2.0/include]
    add: [/usr/lib/gcc/riscv64-unknown-elf/10.2.0/include-fixed]
  end of search list found
  collapse include dir [/usr/lib/gcc/riscv64-unknown-elf/10.2.0/include] ==> [/usr/lib/gcc/riscv64-unknown-elf/10.2.0/include]
  collapse include dir [/usr/lib/gcc/riscv64-unknown-elf/10.2.0/include-fixed] ==> [/usr/lib/gcc/riscv64-unknown-elf/10.2.0/include-fixed]
  implicit include dirs: [/usr/lib/gcc/riscv64-unknown-elf/10.2.0/include;/usr/lib/gcc/riscv64-unknown-elf/10.2.0/include-fixed]


Parsed C implicit link information from above output:
  link line regex: [^( *|.*[/\])(riscv64-unknown-elf-ld|CMAKE_LINK_STARTFILE-NOTFOUND|([^/\]+-)?ld|collect2)[^/\]*( |$)]
  ignore line: [Change Dir: /home/harveyjae/temp/build/CMakeFiles/CMakeTmp]
  ignore line: []
  ignore line: [Run Build Command(s):/usr/bin/gmake -f Makefile cmTC_7821e/fast && /usr/bin/gmake  -f CMakeFiles/cmTC_7821e.dir/build.make CMakeFiles/cmTC_7821e.dir/build]
  ignore line: [gmake[1]: Entering directory '/home/harveyjae/temp/build/CMakeFiles/CMakeTmp']
  ignore line: [Building C object CMakeFiles/cmTC_7821e.dir/CMakeCCompilerABI.c.obj]
  ignore line: [/usr/bin/riscv64-unknown-elf-gcc   -v -o CMakeFiles/cmTC_7821e.dir/CMakeCCompilerABI.c.obj -c /usr/share/cmake-3.22/Modules/CMakeCCompilerABI.c]
  ignore line: [Using built-in specs.]
  ignore line: [COLLECT_GCC=/usr/bin/riscv64-unknown-elf-gcc]
  ignore line: [Target: riscv64-unknown-elf]
  ignore line: [Configured with: ../configure --build=x86_64-linux-gnu --prefix=/usr --includedir='/usr/include' --mandir='/usr/share/man' --infodir='/usr/share/info' --sysconfdir=/etc --localstatedir=/var --disable-option-checking --disable-silent-rules --libdir='/usr/lib/x86_64-linux-gnu' --libexecdir='/usr/lib/x86_64-linux-gnu' --disable-maintainer-mode --disable-dependency-tracking --target=riscv64-unknown-elf --prefix=/usr --infodir=/usr/share/doc/gcc-riscv64-unknown-elf/info --mandir=/usr/share/man --htmldir=/usr/share/doc/gcc-riscv64-unknown-elf/html --pdfdir=/usr/share/doc/gcc-riscv64-unknown-elf/pdf --bindir=/usr/bin --libexecdir=/usr/lib --libdir=/usr/lib --with-pkgversion= --disable-shared --disable-threads --enable-languages=c,c++ --enable-tls --with-newlib --with-native-system-header-dir=/include --disable-libmudflap --disable-libssp --disable-libquadmath --disable-libgomp --disable-nls --with-system-zlib --enable-checking=yes --enable-multilib --with-abi=lp64d --disable-libstdcxx-pch --disable-libstdcxx --disable-fixinc --with-arch=rv64imafdc --with-gnu-as --with-gnu-ld --with-as=/usr/lib/riscv64-unknown-elf/bin/as --with-ld=/usr/lib/riscv64-unknown-elf/bin/ld AR_FOR_TARGET=/usr/lib/riscv64-unknown-elf/bin/ar AS_FOR_TARGET=/usr/lib/riscv64-unknown-elf/bin/as NM_FOR_TARGET=/usr/lib/riscv64-unknown-elf/bin/nm LD_FOR_TARGET=/usr/lib/riscv64-unknown-elf/bin/ld OBJDUMP_FOR_TARGET=/usr/lib/riscv64-unknown-elf/bin/objdump RANLIB_FOR_TARGET=/usr/lib/riscv64-unknown-elf/bin/ranlib READELF_FOR_TARGET=/usr/lib/riscv64-unknown-elf/bin/readelf STRIP_FOR_TARGET=/usr/lib/riscv64-unknown-elf/bin/strip CFLAGS='-g -O2 -fdebug-prefix-map=/build/gcc-riscv64-unknown-elf-LkcieF/gcc-riscv64-unknown-elf-10.2.0=. -fstack-protector-strong' CPPFLAGS='-Wdate-time -D_FORTIFY_SOURCE=2' CXXFLAGS='-g -O2 -fdebug-prefix-map=/build/gcc-riscv64-unknown-elf-LkcieF/gcc-riscv64-unknown-elf-10.2.0=. -fstack-protector-strong' FCFLAGS='-g -O2 -fdebug-prefix-map=/build/gcc-riscv64-unknown-elf-LkcieF/gcc-riscv64-unknown-elf-10.2.0=. -fstack-protector-strong' FFLAGS='-g -O2 -fdebug-prefix-map=/build/gcc-riscv64-unknown-elf-LkcieF/gcc-riscv64-unknown-elf-10.2.0=. -fstack-protector-strong' GCJFLAGS='-g -O2 -fdebug-prefix-map=/build/gcc-riscv64-unknown-elf-LkcieF/gcc-riscv64-unknown-elf-10.2.0=. -fstack-protector-strong' LDFLAGS='-Wl,-Bsymbolic-functions -Wl,-z,relro -Wl,-z,now' OBJCFLAGS='-g -O2 -fdebug-prefix-map=/build/gcc-riscv64-unknown-elf-LkcieF/gcc-riscv64-unknown-elf-10.2.0=. -fstack-protector-strong' OBJCXXFLAGS='-g -O2 -fdebug-prefix-map=/build/gcc-riscv64-unknown-elf-LkcieF/gcc-riscv64-unknown-elf-10.2.0=. -fstack-protector-strong' 'CFLAGS_FOR_TARGET=-Os -mcmodel=medany' 'CXXFLAGS_FOR_TARGET=-Os -mcmodel=medany']
  ignore line: [Thread model: single]
  ignore line: [Supported LTO compression algorithms: zlib]
  ignore line: [gcc version 10.2.0 () ]
  ignore line: [COLLECT_GCC_OPTIONS='-v' '-o' 'CMakeFiles/cmTC_7821e.dir/CMakeCCompilerABI.c.obj' '-c' '-march=rv64imafdc' '-mabi=lp64d']
  ignore line: [ /usr/lib/gcc/riscv64-unknown-elf/10.2.0/cc1 -quiet -v -imultilib rv64imafdc/lp64d /usr/share/cmake-3.22/Modules/CMakeCCompilerABI.c -quiet -dumpbase CMakeCCompilerABI.c -march=rv64imafdc -mabi=lp64d -auxbase-strip CMakeFiles/cmTC_7821e.dir/CMakeCCompilerABI.c.obj -version -o /tmp/ccoOfsOT.s]
  ignore line: [GNU C17 () version 10.2.0 (riscv64-unknown-elf)]
  ignore line: [	compiled by GNU C version 10.2.0  GMP version 6.2.0  MPFR version 4.1.0  MPC version 1.2.0-rc1  isl version none]
  ignore line: [warning: GMP header version 6.2.0 differs from library version 6.2.1.]
  ignore line: [warning: MPC header version 1.2.0-rc1 differs from library version 1.2.1.]
  ignore line: [GGC heuristics: --param ggc-min-expand=30 --param ggc-min-heapsize=4096]
  ignore line: [ignoring nonexistent directory "/usr/lib/gcc/riscv64-unknown-elf/10.2.0/../../../../riscv64-unknown-elf/sys-include"]
  ignore line: [ignoring nonexistent directory "/usr/lib/gcc/riscv64-unknown-elf/10.2.0/../../../../riscv64-unknown-elf/include"]
  ignore line: [#include "..." search starts here:]
  ignore line: [#include <...> search starts here:]
  ignore line: [ /usr/lib/gcc/riscv64-unknown-elf/10.2.0/include]
  ignore line: [ /usr/lib/gcc/riscv64-unknown-elf/10.2.0/include-fixed]
  ignore line: [End of search list.]
  ignore line: [GNU C17 () version 10.2.0 (riscv64-unknown-elf)]
  ignore line: [	compiled by GNU C version 10.2.0  GMP version 6.2.0  MPFR version 4.1.0  MPC version 1.2.0-rc1  isl version none]
  ignore line: [warning: GMP header version 6.2.0 differs from library version 6.2.1.]
  ignore line: [warning: MPC header version 1.2.0-rc1 differs from library version 1.2.1.]
  ignore line: [GGC heuristics: --param ggc-min-expand=30 --param ggc-min-heapsize=4096]
  ignore line: [Compiler executable checksum: 25503746c4b264fb4a430029e3344b15]
  ignore line: [COLLECT_GCC_OPTIONS='-v' '-o' 'CMakeFiles/cmTC_7821e.dir/CMakeCCompilerABI.c.obj' '-c' '-march=rv64imafdc' '-mabi=lp64d']
  ignore line: [ /usr/lib/riscv64-unknown-elf/bin/as -v --traditional-format -march=rv64imafdc -mabi=lp64d -o CMakeFiles/cmTC_7821e.dir/CMakeCCompilerABI.c.obj /tmp/ccoOfsOT.s]
  ignore line: [GNU assembler version 2.35.1 (riscv64-unknown-elf) using BFD version () 2.35.1]
  ignore line: [COMPILER_PATH=/usr/lib/gcc/riscv64-unknown-elf/10.2.0/:/usr/lib/gcc/riscv64-unknown-elf/10.2.0/:/usr/lib/gcc/riscv64-unknown-elf/:/usr/lib/gcc/riscv64-unknown-elf/10.2.0/:/usr/lib/gcc/riscv64-unknown-elf/]
  ignore line: [LIBRARY_PATH=/usr/lib/gcc/riscv64-unknown-elf/10.2.0/rv64imafdc/lp64d/:/usr/lib/gcc/riscv64-unknown-elf/10.2.0/]
  ignore line: [COLLECT_GCC_OPTIONS='-v' '-o' 'CMakeFiles/cmTC_7821e.dir/CMakeCCompilerABI.c.obj' '-c' '-march=rv64imafdc' '-mabi=lp64d']
  ignore line: [Linking C static library libcmTC_7821e.a]
  ignore line: [/usr/bin/cmake -P CMakeFiles/cmTC_7821e.dir/cmake_clean_target.cmake]
  ignore line: [/usr/bin/cmake -E cmake_link_script CMakeFiles/cmTC_7821e.dir/link.txt --verbose=1]
  ignore line: [/usr/bin/riscv64-unknown-elf-ar qc libcmTC_7821e.a CMakeFiles/cmTC_7821e.dir/CMakeCCompilerABI.c.obj]
  ignore line: [/usr/bin/riscv64-unknown-elf-ranlib libcmTC_7821e.a]
  ignore line: [gmake[1]: Leaving directory '/home/harveyjae/temp/build/CMakeFiles/CMakeTmp']
  ignore line: []
  ignore line: []
  implicit libs: []
  implicit objs: []
  implicit dirs: []
  implicit fwks: []


